<?xml version="1.0" encoding="UTF-8"?>
<coverage generated="1724771908160" clover="3.2.0">
  <project timestamp="1724771908160" name="All files">
    <metrics statements="15" coveredstatements="9" conditionals="7" coveredconditionals="1" methods="3" coveredmethods="1" elements="25" coveredelements="11" complexity="0" loc="15" ncloc="15" packages="1" files="2" classes="2"/>
    <file name="App.tsx" path="E:\Projects\Meal-App\App.tsx">
      <metrics statements="14" coveredstatements="9" conditionals="7" coveredconditionals="1" methods="3" coveredmethods="1"/>
      <line num="4" count="1" type="stmt"/>
      <line num="5" count="2" type="stmt"/>
      <line num="6" count="2" type="stmt"/>
      <line num="7" count="2" type="stmt"/>
      <line num="8" count="2" type="stmt"/>
      <line num="10" count="2" type="stmt"/>
      <line num="11" count="0" type="cond" truecount="0" falsecount="5"/>
      <line num="12" count="0" type="stmt"/>
      <line num="14" count="0" type="stmt"/>
      <line num="16" count="0" type="stmt"/>
      <line num="19" count="2" type="stmt"/>
      <line num="20" count="0" type="stmt"/>
      <line num="23" count="2" type="stmt"/>
      <line num="76" count="1" type="stmt"/>
    </file>
    <file name="jest.config.js" path="E:\Projects\Meal-App\jest.config.js">
      <metrics statements="1" coveredstatements="0" conditionals="0" coveredconditionals="0" methods="0" coveredmethods="0"/>
      <line num="1" count="0" type="stmt"/>
    </file>
  </project>
</coverage>
