{"E:\\Projects\\Meal-App\\App.tsx": {"path":"E:\\Projects\\Meal-App\\App.tsx","statementMap":{"0":{"start":{"line":4,"column":12},"end":{"line":72,"column":1}},"1":{"start":{"line":5,"column":26},"end":{"line":5,"column":38}},"2":{"start":{"line":6,"column":28},"end":{"line":6,"column":40}},"3":{"start":{"line":7,"column":34},"end":{"line":7,"column":46}},"4":{"start":{"line":8,"column":34},"end":{"line":8,"column":49}},"5":{"start":{"line":10,"column":23},"end":{"line":17,"column":3}},"6":{"start":{"line":11,"column":4},"end":{"line":15,"column":5}},"7":{"start":{"line":12,"column":6},"end":{"line":12,"column":56}},"8":{"start":{"line":14,"column":6},"end":{"line":14,"column":63}},"9":{"start":{"line":16,"column":4},"end":{"line":16,"column":23}},"10":{"start":{"line":19,"column":20},"end":{"line":21,"column":3}},"11":{"start":{"line":20,"column":4},"end":{"line":20,"column":22}},"12":{"start":{"line":23,"column":2},"end":{"line":71,"column":4}},"13":{"start":{"line":76,"column":15},"end":{"line":95,"column":2}}},"fnMap":{"0":{"name":"(anonymous_0)","decl":{"start":{"line":4,"column":12},"end":{"line":4,"column":13}},"loc":{"start":{"line":4,"column":18},"end":{"line":72,"column":1}},"line":4},"1":{"name":"(anonymous_1)","decl":{"start":{"line":10,"column":23},"end":{"line":10,"column":24}},"loc":{"start":{"line":10,"column":29},"end":{"line":17,"column":3}},"line":10},"2":{"name":"(anonymous_2)","decl":{"start":{"line":19,"column":20},"end":{"line":19,"column":21}},"loc":{"start":{"line":19,"column":26},"end":{"line":21,"column":3}},"line":19}},"branchMap":{"0":{"loc":{"start":{"line":11,"column":4},"end":{"line":15,"column":5}},"type":"if","locations":[{"start":{"line":11,"column":4},"end":{"line":15,"column":5}},{"start":{"line":13,"column":11},"end":{"line":15,"column":5}}],"line":11},"1":{"loc":{"start":{"line":11,"column":8},"end":{"line":11,"column":36}},"type":"binary-expr","locations":[{"start":{"line":11,"column":8},"end":{"line":11,"column":13}},{"start":{"line":11,"column":17},"end":{"line":11,"column":23}},{"start":{"line":11,"column":27},"end":{"line":11,"column":36}}],"line":11},"2":{"loc":{"start":{"line":65,"column":7},"end":{"line":69,"column":7}},"type":"cond-expr","locations":[{"start":{"line":66,"column":8},"end":{"line":66,"column":72}},{"start":{"line":68,"column":8},"end":{"line":68,"column":69}}],"line":65}},"s":{"0":1,"1":2,"2":2,"3":2,"4":2,"5":2,"6":0,"7":0,"8":0,"9":0,"10":2,"11":0,"12":2,"13":1},"f":{"0":2,"1":0,"2":0},"b":{"0":[0,0],"1":[0,0,0],"2":[0,2]},"_coverageSchema":"1a1c01bbd47fc00a2c39e90264f33305004495a9","hash":"9dbdb4b43957e77bf97116e87c7c621c7c00ac2d"}
,"E:\\Projects\\Meal-App\\jest.config.js": {"path":"E:\\Projects\\Meal-App\\jest.config.js","statementMap":{"0":{"start":{"line":1,"column":0},"end":{"line":22,"column":2}}},"fnMap":{},"branchMap":{},"s":{"0":0},"f":{},"b":{}}
}
